  [1m[36m (0.9ms)[0m  [1mCREATE TABLE "schema_migrations" ("version" varchar NOT NULL) [0m
  [1m[35m (0.1ms)[0m  select sqlite_version(*)
  [1m[36m (0.6ms)[0m  [1mCREATE UNIQUE INDEX "unique_schema_migrations" ON "schema_migrations" ("version")[0m
  [1m[35mActiveRecord::SchemaMigration Load (0.1ms)[0m  SELECT "schema_migrations".* FROM "schema_migrations"
Migrating to AddPrimaryToScenarios (20160416010149)
  [1m[36m (0.0ms)[0m  [1mbegin transaction[0m
  [1m[35m (0.4ms)[0m  ALTER TABLE "scenarios" ADD "primary" boolean
  [1m[36m (0.0ms)[0m  [1mrollback transaction[0m
  [1m[36mActiveRecord::SchemaMigration Load (0.1ms)[0m  [1mSELECT "schema_migrations".* FROM "schema_migrations"[0m
Migrating to CreateScenarios (20160416113004)
  [1m[35m (0.1ms)[0m  begin transaction
  [1m[36m (0.5ms)[0m  [1mCREATE TABLE "scenarios" ("id" INTEGER PRIMARY KEY AUTOINCREMENT NOT NULL, "business_name" varchar, "email" varchar, "location_lat" varchar, "location_lng" varchar, "fips_state" varchar, "fips_county" varchar, "fips_tract" varchar, "fips_block_type" varchar, "zomato_postal_code" varchar, "zomato_category_id" integer, "zomato_restaurant_id" integer, "zomato_address" text, "zomato_cuisines" varchar, "zomato_establishment_id" integer, "zomato_collection_id" integer, "zomato_has_online_delivery" boolean, "zomato_reviews_count" integer, "zomato_user_rating" float, "zomato_rating_text" varchar, "zomato_rating_color" varchar, "zomato_votes_count" integer, "zomato_price_range" integer, "zomato_average_cost_for_two" varchar, "zomato_thumb" text, "zomato_reviews" text, "zomato_geo_popularity" float, "zomato_geo_nightlife" float, "zomato_loc_entity_id" integer, "zomato_loc_entity_type" varchar, "zomato_loc_city_id" integer, "zomato_loc_city" varchar, "geo_locality" varchar, "closer_zips" text, "closer_zips_coords" text, "nearest_zip" text, "nearest_zip_coords" text, "created_at" datetime NOT NULL, "updated_at" datetime NOT NULL) [0m
  [1m[35mSQL (0.2ms)[0m  INSERT INTO "schema_migrations" ("version") VALUES (?)  [["version", "20160416113004"]]
  [1m[36m (0.8ms)[0m  [1mcommit transaction[0m
Migrating to AddNearbyRestaurantsToScenarios (20160416123814)
  [1m[35m (0.1ms)[0m  begin transaction
  [1m[36m (0.4ms)[0m  [1mALTER TABLE "scenarios" ADD "nearby_restaurants" text[0m
  [1m[35mSQL (0.1ms)[0m  INSERT INTO "schema_migrations" ("version") VALUES (?)  [["version", "20160416123814"]]
  [1m[36m (0.7ms)[0m  [1mcommit transaction[0m
Migrating to CreateReviews (20160416124604)
  [1m[35m (0.1ms)[0m  begin transaction
  [1m[36m (0.5ms)[0m  [1mCREATE TABLE "reviews" ("id" INTEGER PRIMARY KEY AUTOINCREMENT NOT NULL, "review_rating" float, "review_text" text, "rating_color" varchar, "rating_text" varchar, "review_time_stamp" datetime, "likes" integer, "author_name" varchar, "author_foodie_level" varchar, "user_image" text, "comments_count" integer, "restaurant_id" varchar, "created_at" datetime NOT NULL, "updated_at" datetime NOT NULL) [0m
  [1m[35mSQL (0.2ms)[0m  INSERT INTO "schema_migrations" ("version") VALUES (?)  [["version", "20160416124604"]]
  [1m[36m (0.6ms)[0m  [1mcommit transaction[0m
Migrating to CreateEntities (20160416124934)
  [1m[35m (0.1ms)[0m  begin transaction
  [1m[36m (0.4ms)[0m  [1mCREATE TABLE "entities" ("id" INTEGER PRIMARY KEY AUTOINCREMENT NOT NULL, "entity" varchar, "entity_type" varchar, "review_id" integer, "created_at" datetime NOT NULL, "updated_at" datetime NOT NULL) [0m
  [1m[35m (0.0ms)[0m  select sqlite_version(*)
  [1m[36m (0.1ms)[0m  [1mCREATE  INDEX "index_entities_on_review_id" ON "entities" ("review_id")[0m
  [1m[35mSQL (0.1ms)[0m  INSERT INTO "schema_migrations" ("version") VALUES (?)  [["version", "20160416124934"]]
  [1m[36m (0.8ms)[0m  [1mcommit transaction[0m
Migrating to CreateSentiments (20160416125017)
  [1m[35m (0.1ms)[0m  begin transaction
  [1m[36m (0.3ms)[0m  [1mCREATE TABLE "sentiments" ("id" INTEGER PRIMARY KEY AUTOINCREMENT NOT NULL, "sentiment_type" varchar, "score" varchar, "comment" text, "entity_id" integer, "review_id" integer, "created_at" datetime NOT NULL, "updated_at" datetime NOT NULL) [0m
  [1m[35m (0.1ms)[0m  CREATE  INDEX "index_sentiments_on_entity_id" ON "sentiments" ("entity_id")
  [1m[36m (0.1ms)[0m  [1m            SELECT sql
            FROM sqlite_master
            WHERE name='index_sentiments_on_entity_id' AND type='index'
            UNION ALL
            SELECT sql
            FROM sqlite_temp_master
            WHERE name='index_sentiments_on_entity_id' AND type='index'
[0m
  [1m[35m (0.1ms)[0m  CREATE  INDEX "index_sentiments_on_review_id" ON "sentiments" ("review_id")
  [1m[36mSQL (0.1ms)[0m  [1mINSERT INTO "schema_migrations" ("version") VALUES (?)[0m  [["version", "20160416125017"]]
  [1m[35m (0.7ms)[0m  commit transaction
Migrating to CreateEmotions (20160416125155)
  [1m[36m (0.0ms)[0m  [1mbegin transaction[0m
  [1m[35m (0.3ms)[0m  CREATE TABLE "emotions" ("id" INTEGER PRIMARY KEY AUTOINCREMENT NOT NULL, "emotion_type" varchar, "score" varchar, "review_id" integer, "created_at" datetime NOT NULL, "updated_at" datetime NOT NULL) 
  [1m[36m (0.1ms)[0m  [1mCREATE  INDEX "index_emotions_on_review_id" ON "emotions" ("review_id")[0m
  [1m[35mSQL (0.1ms)[0m  INSERT INTO "schema_migrations" ("version") VALUES (?)  [["version", "20160416125155"]]
  [1m[36m (0.7ms)[0m  [1mcommit transaction[0m
Migrating to AddPropertyToEntity (20160416125805)
  [1m[35m (0.0ms)[0m  begin transaction
  [1m[36m (0.3ms)[0m  [1mALTER TABLE "entities" ADD "property" text[0m
  [1m[35mSQL (0.1ms)[0m  INSERT INTO "schema_migrations" ("version") VALUES (?)  [["version", "20160416125805"]]
  [1m[36m (0.7ms)[0m  [1mcommit transaction[0m
Migrating to AddPrimaryToScenarios (20160416130149)
  [1m[35m (0.0ms)[0m  begin transaction
  [1m[36m (0.3ms)[0m  [1mALTER TABLE "scenarios" ADD "primary" boolean[0m
  [1m[35mSQL (0.1ms)[0m  INSERT INTO "schema_migrations" ("version") VALUES (?)  [["version", "20160416130149"]]
  [1m[36m (0.7ms)[0m  [1mcommit transaction[0m
  [1m[35mActiveRecord::SchemaMigration Load (0.1ms)[0m  SELECT "schema_migrations".* FROM "schema_migrations"
  [1m[36m (0.1ms)[0m  [1m            SELECT sql
            FROM sqlite_master
            WHERE name='index_emotions_on_review_id' AND type='index'
            UNION ALL
            SELECT sql
            FROM sqlite_temp_master
            WHERE name='index_emotions_on_review_id' AND type='index'
[0m
  [1m[35m (0.1ms)[0m              SELECT sql
            FROM sqlite_master
            WHERE name='index_entities_on_review_id' AND type='index'
            UNION ALL
            SELECT sql
            FROM sqlite_temp_master
            WHERE name='index_entities_on_review_id' AND type='index'

  [1m[36m (0.1ms)[0m  [1m            SELECT sql
            FROM sqlite_master
            WHERE name='index_sentiments_on_review_id' AND type='index'
            UNION ALL
            SELECT sql
            FROM sqlite_temp_master
            WHERE name='index_sentiments_on_review_id' AND type='index'
[0m
  [1m[35m (0.1ms)[0m              SELECT sql
            FROM sqlite_master
            WHERE name='index_sentiments_on_entity_id' AND type='index'
            UNION ALL
            SELECT sql
            FROM sqlite_temp_master
            WHERE name='index_sentiments_on_entity_id' AND type='index'

